C:\USERS\YUAN\DESKTOP\CODE\MULTIFUNCTION-CALENDAR-C\DEBUG\MULTIFUNCTION-CALENDAR-C.EXE
C:\USERS\YUAN\DESKTOP\CODE\MULTIFUNCTION-CALENDAR-C\DEBUG\MULTIFUNCTION-CALENDAR-C.ILK
C:\USERS\YUAN\DESKTOP\CODE\MULTIFUNCTION-CALENDAR-C\DEBUG\MULTIFUNCTION-CALENDAR-C.PDB
C:\USERS\YUAN\DESKTOP\CODE\MULTIFUNCTION-CALENDAR-C\MULTIFUNCTION-CALENDAR-C\DEBUG\CALENDARCONVERSION.OBJ
C:\Users\YUAN\Desktop\code\multifunction-calendar-c\multifunction-calendar-c\Debug\cl.command.1.tlog
C:\Users\YUAN\Desktop\code\multifunction-calendar-c\multifunction-calendar-c\Debug\CL.read.1.tlog
C:\Users\YUAN\Desktop\code\multifunction-calendar-c\multifunction-calendar-c\Debug\CL.write.1.tlog
C:\USERS\YUAN\DESKTOP\CODE\MULTIFUNCTION-CALENDAR-C\MULTIFUNCTION-CALENDAR-C\DEBUG\DATESTATIC.OBJ
C:\USERS\YUAN\DESKTOP\CODE\MULTIFUNCTION-CALENDAR-C\MULTIFUNCTION-CALENDAR-C\DEBUG\GETTHROTTLE.OBJ
C:\Users\YUAN\Desktop\code\multifunction-calendar-c\multifunction-calendar-c\Debug\link.2256.read.1.tlog
C:\Users\YUAN\Desktop\code\multifunction-calendar-c\multifunction-calendar-c\Debug\link.2256.write.1.tlog
C:\Users\YUAN\Desktop\code\multifunction-calendar-c\multifunction-calendar-c\Debug\link.2256-cvtres.read.1.tlog
C:\Users\YUAN\Desktop\code\multifunction-calendar-c\multifunction-calendar-c\Debug\link.2256-cvtres.write.1.tlog
C:\Users\YUAN\Desktop\code\multifunction-calendar-c\multifunction-calendar-c\Debug\link.2712.read.1.tlog
C:\Users\YUAN\Desktop\code\multifunction-calendar-c\multifunction-calendar-c\Debug\link.2712.write.1.tlog
C:\Users\YUAN\Desktop\code\multifunction-calendar-c\multifunction-calendar-c\Debug\link.2712-cvtres.read.1.tlog
C:\Users\YUAN\Desktop\code\multifunction-calendar-c\multifunction-calendar-c\Debug\link.2712-cvtres.write.1.tlog
C:\Users\YUAN\Desktop\code\multifunction-calendar-c\multifunction-calendar-c\Debug\link.752.read.1.tlog
C:\Users\YUAN\Desktop\code\multifunction-calendar-c\multifunction-calendar-c\Debug\link.752.write.1.tlog
C:\Users\YUAN\Desktop\code\multifunction-calendar-c\multifunction-calendar-c\Debug\link.752-cvtres.read.1.tlog
C:\Users\YUAN\Desktop\code\multifunction-calendar-c\multifunction-calendar-c\Debug\link.752-cvtres.write.1.tlog
C:\Users\YUAN\Desktop\code\multifunction-calendar-c\multifunction-calendar-c\Debug\link.command.1.tlog
C:\Users\YUAN\Desktop\code\multifunction-calendar-c\multifunction-calendar-c\Debug\link.read.1.tlog
C:\Users\YUAN\Desktop\code\multifunction-calendar-c\multifunction-calendar-c\Debug\link.write.1.tlog
C:\Users\YUAN\Desktop\code\multifunction-calendar-c\multifunction-calendar-c\Debug\link-cvtres.read.1.tlog
C:\Users\YUAN\Desktop\code\multifunction-calendar-c\multifunction-calendar-c\Debug\link-cvtres.write.1.tlog
C:\Users\YUAN\Desktop\code\multifunction-calendar-c\multifunction-calendar-c\Debug\mt.command.1.tlog
C:\Users\YUAN\Desktop\code\multifunction-calendar-c\multifunction-calendar-c\Debug\mt.read.1.tlog
C:\Users\YUAN\Desktop\code\multifunction-calendar-c\multifunction-calendar-c\Debug\mt.write.1.tlog
C:\USERS\YUAN\DESKTOP\CODE\MULTIFUNCTION-CALENDAR-C\MULTIFUNCTION-CALENDAR-C\DEBUG\MULTIFUNCTION-CALENDAR-C.EXE.EMBED.MANIFEST
C:\USERS\YUAN\DESKTOP\CODE\MULTIFUNCTION-CALENDAR-C\MULTIFUNCTION-CALENDAR-C\DEBUG\MULTIFUNCTION-CALENDAR-C.EXE.EMBED.MANIFEST.RES
C:\USERS\YUAN\DESKTOP\CODE\MULTIFUNCTION-CALENDAR-C\MULTIFUNCTION-CALENDAR-C\DEBUG\MULTIFUNCTION-CALENDAR-C.EXE.INTERMEDIATE.MANIFEST
C:\USERS\YUAN\DESKTOP\CODE\MULTIFUNCTION-CALENDAR-C\MULTIFUNCTION-CALENDAR-C\DEBUG\MULTIFUNCTION-CALENDAR-C.OBJ
C:\USERS\YUAN\DESKTOP\CODE\MULTIFUNCTION-CALENDAR-C\MULTIFUNCTION-CALENDAR-C\DEBUG\MULTIFUNCTION-CALENDAR-C.PCH
C:\Users\YUAN\Desktop\code\multifunction-calendar-c\multifunction-calendar-c\Debug\multifunction-calendar-c_manifest.rc
C:\USERS\YUAN\DESKTOP\CODE\MULTIFUNCTION-CALENDAR-C\MULTIFUNCTION-CALENDAR-C\DEBUG\MYMENU.OBJ
C:\Users\YUAN\Desktop\code\multifunction-calendar-c\multifunction-calendar-c\Debug\rc.command.1.tlog
C:\Users\YUAN\Desktop\code\multifunction-calendar-c\multifunction-calendar-c\Debug\rc.read.1.tlog
C:\Users\YUAN\Desktop\code\multifunction-calendar-c\multifunction-calendar-c\Debug\rc.write.1.tlog
C:\USERS\YUAN\DESKTOP\CODE\MULTIFUNCTION-CALENDAR-C\MULTIFUNCTION-CALENDAR-C\DEBUG\SEARCHDATE.OBJ
C:\USERS\YUAN\DESKTOP\CODE\MULTIFUNCTION-CALENDAR-C\MULTIFUNCTION-CALENDAR-C\DEBUG\STDAFX.OBJ
C:\Users\YUAN\Desktop\code\multifunction-calendar-c\multifunction-calendar-c\Debug\vc100.idb
C:\USERS\YUAN\DESKTOP\CODE\MULTIFUNCTION-CALENDAR-C\MULTIFUNCTION-CALENDAR-C\DEBUG\VC100.PDB
